0 info it worked if it ends with ok
1 verbose cli [ '/usr/local/bin/node',
1 verbose cli   '/usr/local/bin/npm',
1 verbose cli   'run',
1 verbose cli   'build:watch' ]
2 info using npm@3.10.10
3 info using node@v6.10.1
4 verbose run-script [ 'prebuild:watch', 'build:watch', 'postbuild:watch' ]
5 info lifecycle wellness@1.0.0~prebuild:watch: wellness@1.0.0
6 silly lifecycle wellness@1.0.0~prebuild:watch: no script for prebuild:watch, continuing
7 info lifecycle wellness@1.0.0~build:watch: wellness@1.0.0
8 verbose lifecycle wellness@1.0.0~build:watch: unsafe-perm in lifecycle true
9 verbose lifecycle wellness@1.0.0~build:watch: PATH: /usr/local/lib/node_modules/npm/bin/node-gyp-bin:/Users/jetilling/projects/wellness/node_modules/.bin:/usr/local/lib/node_modules/npm/bin/node-gyp-bin:/Users/jetilling/projects/wellness/node_modules/.bin:/Library/Frameworks/Python.framework/Versions/3.6/bin:/Library/Frameworks/Python.framework/Versions/3.4/bin:/usr/local/bin:/usr/bin:/bin:/usr/sbin:/sbin:/usr/local/mysql/bin:/Library/Python/2.7/lib/python/site-packages
10 verbose lifecycle wellness@1.0.0~build:watch: CWD: /Users/jetilling/projects/wellness
11 silly lifecycle wellness@1.0.0~build:watch: Args: [ '-c', 'tsc -w' ]
12 silly lifecycle wellness@1.0.0~build:watch: Returned: code: 1  signal: null
13 info lifecycle wellness@1.0.0~build:watch: Failed to exec build:watch script
14 verbose stack Error: wellness@1.0.0 build:watch: `tsc -w`
14 verbose stack Exit status 1
14 verbose stack     at EventEmitter.<anonymous> (/usr/local/lib/node_modules/npm/lib/utils/lifecycle.js:255:16)
14 verbose stack     at emitTwo (events.js:106:13)
14 verbose stack     at EventEmitter.emit (events.js:191:7)
14 verbose stack     at ChildProcess.<anonymous> (/usr/local/lib/node_modules/npm/lib/utils/spawn.js:40:14)
14 verbose stack     at emitTwo (events.js:106:13)
14 verbose stack     at ChildProcess.emit (events.js:191:7)
14 verbose stack     at maybeClose (internal/child_process.js:886:16)
14 verbose stack     at Process.ChildProcess._handle.onexit (internal/child_process.js:226:5)
15 verbose pkgid wellness@1.0.0
16 verbose cwd /Users/jetilling/projects/wellness
17 error Darwin 15.4.0
18 error argv "/usr/local/bin/node" "/usr/local/bin/npm" "run" "build:watch"
19 error node v6.10.1
20 error npm  v3.10.10
21 error code ELIFECYCLE
22 error wellness@1.0.0 build:watch: `tsc -w`
22 error Exit status 1
23 error Failed at the wellness@1.0.0 build:watch script 'tsc -w'.
23 error Make sure you have the latest version of node.js and npm installed.
23 error If you do, this is most likely a problem with the wellness package,
23 error not with npm itself.
23 error Tell the author that this fails on your system:
23 error     tsc -w
23 error You can get information on how to open an issue for this project with:
23 error     npm bugs wellness
23 error Or if that isn't available, you can get their info via:
23 error     npm owner ls wellness
23 error There is likely additional logging output above.
24 verbose exit [ 1, true ]
